<?xml version="1.0" encoding="UTF-8"?>
<testng-results ignored="0" total="2" passed="2" failed="0" skipped="0">
  <reporter-output>
  </reporter-output>
  <suite started-at="2023-08-11T09:50:00 IST" name="Default Suite" finished-at="2023-08-11T09:50:00 IST" duration-ms="94">
    <groups>
    </groups>
    <test started-at="2023-08-11T09:50:00 IST" name="dddd" finished-at="2023-08-11T09:50:00 IST" duration-ms="94">
      <class name="ThhJffKgg">
        <test-method signature="aa()[pri:1, instance:ThhJffKgg@3c87521]" started-at="2023-08-11T09:50:00 IST" name="aa" finished-at="2023-08-11T09:50:00 IST" duration-ms="48" status="PASS">
          <reporter-output>
          </reporter-output>
        </test-method> <!-- aa -->
        <test-method signature="hjj()[pri:2, instance:ThhJffKgg@3c87521]" started-at="2023-08-11T09:50:00 IST" name="hjj" finished-at="2023-08-11T09:50:00 IST" duration-ms="0" status="PASS">
          <reporter-output>
          </reporter-output>
        </test-method> <!-- hjj -->
      </class> <!-- ThhJffKgg -->
    </test> <!-- dddd -->
  </suite> <!-- Default Suite -->
</testng-results>
